#! /usr/bin/vvp
:ivl_version "11.0 (stable)";
:ivl_delay_selection "TYPICAL";
:vpi_time_precision + 0;
:vpi_module "/usr/lib/x86_64-linux-gnu/ivl/system.vpi";
:vpi_module "/usr/lib/x86_64-linux-gnu/ivl/vhdl_sys.vpi";
:vpi_module "/usr/lib/x86_64-linux-gnu/ivl/vhdl_textio.vpi";
:vpi_module "/usr/lib/x86_64-linux-gnu/ivl/v2005_math.vpi";
:vpi_module "/usr/lib/x86_64-linux-gnu/ivl/va_math.vpi";
S_0x61ce7f4d8d90 .scope module, "id_ex" "id_ex" 2 44;
 .timescale 0 0;
    .port_info 0 /INPUT 1 "d_opinfo_i";
    .port_info 1 /INPUT 1 "d_alu_info_i";
    .port_info 2 /INPUT 1 "d_branch_info_i";
    .port_info 3 /INPUT 1 "d_sys_info_i";
    .port_info 4 /INPUT 1 "d_wenReg_i";
    .port_info 5 /INPUT 1 "d_wenCsr_i";
    .port_info 6 /INPUT 1 "d_rd_i";
    .port_info 7 /INPUT 1 "d_src1_i";
    .port_info 8 /INPUT 1 "d_src2_i";
    .port_info 9 /INPUT 1 "d_imm_i";
    .port_info 10 /INPUT 1 "d_is_load_signed_i";
    .port_info 11 /INPUT 1 "d_wenMem_i";
    .port_info 12 /INPUT 1 "d_renMem_i";
    .port_info 13 /INPUT 1 "d_mask_i";
    .port_info 14 /INPUT 1 "d_valid_i";
    .port_info 15 /OUTPUT 1 "E_ready_o";
    .port_info 16 /OUTPUT 1 "e_opinfo_o";
    .port_info 17 /OUTPUT 1 "e_alu_info_o";
    .port_info 18 /OUTPUT 1 "e_branch_info_o";
    .port_info 19 /OUTPUT 1 "e_sys_info_o";
    .port_info 20 /OUTPUT 1 "e_wenReg_o";
    .port_info 21 /OUTPUT 1 "e_wenCsr_o";
    .port_info 22 /OUTPUT 1 "e_rd_o";
    .port_info 23 /OUTPUT 1 "e_src1_o";
    .port_info 24 /OUTPUT 1 "e_src2_o";
    .port_info 25 /OUTPUT 1 "e_imm_o";
    .port_info 26 /OUTPUT 1 "e_is_load_signed_o";
    .port_info 27 /OUTPUT 1 "e_wenMem_o";
    .port_info 28 /OUTPUT 1 "e_renMem_o";
    .port_info 29 /OUTPUT 1 "e_mask_o";
    .port_info 30 /OUTPUT 1 "E_valid_o";
    .port_info 31 /INPUT 1 "e_ready_i";
    .port_info 32 /INPUT 1 "clk_i";
    .port_info 33 /INPUT 1 "rst_i";
o0x7d3c62440018 .functor BUFZ 1, C4<z>; HiZ drive
v0x61ce7f506180_0 .net "E_ready_o", 0 0, o0x7d3c62440018;  0 drivers
o0x7d3c62440048 .functor BUFZ 1, C4<z>; HiZ drive
v0x61ce7f52fdb0_0 .net "E_valid_o", 0 0, o0x7d3c62440048;  0 drivers
o0x7d3c62440078 .functor BUFZ 1, C4<z>; HiZ drive
v0x61ce7f52fe70_0 .net "clk_i", 0 0, o0x7d3c62440078;  0 drivers
o0x7d3c624400a8 .functor BUFZ 1, C4<z>; HiZ drive
v0x61ce7f52ff10_0 .net "d_alu_info_i", 0 0, o0x7d3c624400a8;  0 drivers
o0x7d3c624400d8 .functor BUFZ 1, C4<z>; HiZ drive
v0x61ce7f52ffd0_0 .net "d_branch_info_i", 0 0, o0x7d3c624400d8;  0 drivers
o0x7d3c62440108 .functor BUFZ 1, C4<z>; HiZ drive
v0x61ce7f5300e0_0 .net "d_imm_i", 0 0, o0x7d3c62440108;  0 drivers
o0x7d3c62440138 .functor BUFZ 1, C4<z>; HiZ drive
v0x61ce7f5301a0_0 .net "d_is_load_signed_i", 0 0, o0x7d3c62440138;  0 drivers
o0x7d3c62440168 .functor BUFZ 1, C4<z>; HiZ drive
v0x61ce7f530260_0 .net "d_mask_i", 0 0, o0x7d3c62440168;  0 drivers
o0x7d3c62440198 .functor BUFZ 1, C4<z>; HiZ drive
v0x61ce7f530320_0 .net "d_opinfo_i", 0 0, o0x7d3c62440198;  0 drivers
o0x7d3c624401c8 .functor BUFZ 1, C4<z>; HiZ drive
v0x61ce7f5303e0_0 .net "d_rd_i", 0 0, o0x7d3c624401c8;  0 drivers
o0x7d3c624401f8 .functor BUFZ 1, C4<z>; HiZ drive
v0x61ce7f5304a0_0 .net "d_renMem_i", 0 0, o0x7d3c624401f8;  0 drivers
o0x7d3c62440228 .functor BUFZ 1, C4<z>; HiZ drive
v0x61ce7f530560_0 .net "d_src1_i", 0 0, o0x7d3c62440228;  0 drivers
o0x7d3c62440258 .functor BUFZ 1, C4<z>; HiZ drive
v0x61ce7f530620_0 .net "d_src2_i", 0 0, o0x7d3c62440258;  0 drivers
o0x7d3c62440288 .functor BUFZ 1, C4<z>; HiZ drive
v0x61ce7f5306e0_0 .net "d_sys_info_i", 0 0, o0x7d3c62440288;  0 drivers
o0x7d3c624402b8 .functor BUFZ 1, C4<z>; HiZ drive
v0x61ce7f5307a0_0 .net "d_valid_i", 0 0, o0x7d3c624402b8;  0 drivers
o0x7d3c624402e8 .functor BUFZ 1, C4<z>; HiZ drive
v0x61ce7f530860_0 .net "d_wenCsr_i", 0 0, o0x7d3c624402e8;  0 drivers
o0x7d3c62440318 .functor BUFZ 1, C4<z>; HiZ drive
v0x61ce7f530920_0 .net "d_wenMem_i", 0 0, o0x7d3c62440318;  0 drivers
o0x7d3c62440348 .functor BUFZ 1, C4<z>; HiZ drive
v0x61ce7f5309e0_0 .net "d_wenReg_i", 0 0, o0x7d3c62440348;  0 drivers
o0x7d3c62440378 .functor BUFZ 1, C4<z>; HiZ drive
v0x61ce7f530aa0_0 .net "e_alu_info_o", 0 0, o0x7d3c62440378;  0 drivers
o0x7d3c624403a8 .functor BUFZ 1, C4<z>; HiZ drive
v0x61ce7f530b60_0 .net "e_branch_info_o", 0 0, o0x7d3c624403a8;  0 drivers
o0x7d3c624403d8 .functor BUFZ 1, C4<z>; HiZ drive
v0x61ce7f530c20_0 .net "e_imm_o", 0 0, o0x7d3c624403d8;  0 drivers
o0x7d3c62440408 .functor BUFZ 1, C4<z>; HiZ drive
v0x61ce7f530ce0_0 .net "e_is_load_signed_o", 0 0, o0x7d3c62440408;  0 drivers
o0x7d3c62440438 .functor BUFZ 1, C4<z>; HiZ drive
v0x61ce7f530da0_0 .net "e_mask_o", 0 0, o0x7d3c62440438;  0 drivers
o0x7d3c62440468 .functor BUFZ 1, C4<z>; HiZ drive
v0x61ce7f530e60_0 .net "e_opinfo_o", 0 0, o0x7d3c62440468;  0 drivers
o0x7d3c62440498 .functor BUFZ 1, C4<z>; HiZ drive
v0x61ce7f530f20_0 .net "e_rd_o", 0 0, o0x7d3c62440498;  0 drivers
o0x7d3c624404c8 .functor BUFZ 1, C4<z>; HiZ drive
v0x61ce7f530fe0_0 .net "e_ready_i", 0 0, o0x7d3c624404c8;  0 drivers
o0x7d3c624404f8 .functor BUFZ 1, C4<z>; HiZ drive
v0x61ce7f5310a0_0 .net "e_renMem_o", 0 0, o0x7d3c624404f8;  0 drivers
o0x7d3c62440528 .functor BUFZ 1, C4<z>; HiZ drive
v0x61ce7f531160_0 .net "e_src1_o", 0 0, o0x7d3c62440528;  0 drivers
o0x7d3c62440558 .functor BUFZ 1, C4<z>; HiZ drive
v0x61ce7f531220_0 .net "e_src2_o", 0 0, o0x7d3c62440558;  0 drivers
o0x7d3c62440588 .functor BUFZ 1, C4<z>; HiZ drive
v0x61ce7f5312e0_0 .net "e_sys_info_o", 0 0, o0x7d3c62440588;  0 drivers
o0x7d3c624405b8 .functor BUFZ 1, C4<z>; HiZ drive
v0x61ce7f5313a0_0 .net "e_wenCsr_o", 0 0, o0x7d3c624405b8;  0 drivers
o0x7d3c624405e8 .functor BUFZ 1, C4<z>; HiZ drive
v0x61ce7f531460_0 .net "e_wenMem_o", 0 0, o0x7d3c624405e8;  0 drivers
o0x7d3c62440618 .functor BUFZ 1, C4<z>; HiZ drive
v0x61ce7f531520_0 .net "e_wenReg_o", 0 0, o0x7d3c62440618;  0 drivers
o0x7d3c62440648 .functor BUFZ 1, C4<z>; HiZ drive
v0x61ce7f5317f0_0 .net "rst_i", 0 0, o0x7d3c62440648;  0 drivers
S_0x61ce7f4d8f20 .scope module, "pipe" "pipe" 2 1;
 .timescale 0 0;
    .port_info 0 /INPUT 1 "clk";
    .port_info 1 /INPUT 1 "rst";
    .port_info 2 /INPUT 1 "pin_valid";
    .port_info 3 /INPUT 32 "pin_data";
    .port_info 4 /OUTPUT 1 "pin_ready";
    .port_info 5 /OUTPUT 1 "pout_valid";
    .port_info 6 /OUTPUT 32 "pout_data";
    .port_info 7 /INPUT 1 "pout_ready";
P_0x61ce7f512af0 .param/l "DATA_WIDTH" 0 2 3, +C4<00000000000000000000000000100000>;
L_0x61ce7f506060 .functor NOT 1, v0x61ce7f532a30_0, C4<0>, C4<0>, C4<0>;
o0x7d3c62440f18 .functor BUFZ 1, C4<z>; HiZ drive
L_0x61ce7f532c10 .functor OR 1, L_0x61ce7f506060, o0x7d3c62440f18, C4<0>, C4<0>;
L_0x61ce7f532c80 .functor NOT 1, v0x61ce7f532a30_0, C4<0>, C4<0>, C4<0>;
o0x7d3c62440eb8 .functor BUFZ 1, C4<z>; HiZ drive
L_0x61ce7f532d40 .functor AND 1, L_0x61ce7f532c80, o0x7d3c62440eb8, C4<1>, C4<1>;
L_0x61ce7f532e30 .functor AND 1, v0x61ce7f532a30_0, o0x7d3c62440f18, C4<1>, C4<1>;
L_0x61ce7f532f20 .functor OR 1, L_0x61ce7f532d40, L_0x61ce7f532e30, C4<0>, C4<0>;
L_0x61ce7f533070 .functor AND 1, L_0x61ce7f532c10, o0x7d3c62440eb8, C4<1>, C4<1>;
L_0x61ce7f533180 .functor BUFZ 1, v0x61ce7f532a30_0, C4<0>, C4<0>, C4<0>;
L_0x61ce7f533b20 .functor AND 32, L_0x61ce7f533240, v0x61ce7f532310_0, C4<11111111111111111111111111111111>, C4<11111111111111111111111111111111>;
v0x61ce7f531d30_0 .net *"_ivl_0", 0 0, L_0x61ce7f506060;  1 drivers
v0x61ce7f531e30_0 .net *"_ivl_16", 31 0, L_0x61ce7f533240;  1 drivers
v0x61ce7f531f10_0 .net *"_ivl_4", 0 0, L_0x61ce7f532c80;  1 drivers
v0x61ce7f531fd0_0 .net *"_ivl_6", 0 0, L_0x61ce7f532d40;  1 drivers
v0x61ce7f5320b0_0 .net *"_ivl_8", 0 0, L_0x61ce7f532e30;  1 drivers
o0x7d3c62440dc8 .functor BUFZ 1, C4<z>; HiZ drive
v0x61ce7f532190_0 .net "clk", 0 0, o0x7d3c62440dc8;  0 drivers
v0x61ce7f532250_0 .net "data_en", 0 0, L_0x61ce7f533070;  1 drivers
v0x61ce7f532310_0 .var "data_q", 31 0;
o0x7d3c62440e58 .functor BUFZ 32, C4<zzzzzzzzzzzzzzzzzzzzzzzzzzzzzzzz>; HiZ drive
v0x61ce7f5323f0_0 .net "pin_data", 31 0, o0x7d3c62440e58;  0 drivers
v0x61ce7f5324d0_0 .net "pin_ready", 0 0, L_0x61ce7f532c10;  1 drivers
v0x61ce7f532590_0 .net "pin_valid", 0 0, o0x7d3c62440eb8;  0 drivers
v0x61ce7f532650_0 .net "pout_data", 31 0, L_0x61ce7f533b20;  1 drivers
v0x61ce7f532730_0 .net "pout_ready", 0 0, o0x7d3c62440f18;  0 drivers
v0x61ce7f5327f0_0 .net "pout_valid", 0 0, L_0x61ce7f533180;  1 drivers
o0x7d3c62440f78 .functor BUFZ 1, C4<z>; HiZ drive
v0x61ce7f5328b0_0 .net "rst", 0 0, o0x7d3c62440f78;  0 drivers
v0x61ce7f532970_0 .net "valid_en", 0 0, L_0x61ce7f532f20;  1 drivers
v0x61ce7f532a30_0 .var "valid_q", 0 0;
E_0x61ce7f5191d0 .event posedge, v0x61ce7f532190_0;
LS_0x61ce7f533240_0_0 .concat [ 1 1 1 1], L_0x61ce7f533180, L_0x61ce7f533180, L_0x61ce7f533180, L_0x61ce7f533180;
LS_0x61ce7f533240_0_4 .concat [ 1 1 1 1], L_0x61ce7f533180, L_0x61ce7f533180, L_0x61ce7f533180, L_0x61ce7f533180;
LS_0x61ce7f533240_0_8 .concat [ 1 1 1 1], L_0x61ce7f533180, L_0x61ce7f533180, L_0x61ce7f533180, L_0x61ce7f533180;
LS_0x61ce7f533240_0_12 .concat [ 1 1 1 1], L_0x61ce7f533180, L_0x61ce7f533180, L_0x61ce7f533180, L_0x61ce7f533180;
LS_0x61ce7f533240_0_16 .concat [ 1 1 1 1], L_0x61ce7f533180, L_0x61ce7f533180, L_0x61ce7f533180, L_0x61ce7f533180;
LS_0x61ce7f533240_0_20 .concat [ 1 1 1 1], L_0x61ce7f533180, L_0x61ce7f533180, L_0x61ce7f533180, L_0x61ce7f533180;
LS_0x61ce7f533240_0_24 .concat [ 1 1 1 1], L_0x61ce7f533180, L_0x61ce7f533180, L_0x61ce7f533180, L_0x61ce7f533180;
LS_0x61ce7f533240_0_28 .concat [ 1 1 1 1], L_0x61ce7f533180, L_0x61ce7f533180, L_0x61ce7f533180, L_0x61ce7f533180;
LS_0x61ce7f533240_1_0 .concat [ 4 4 4 4], LS_0x61ce7f533240_0_0, LS_0x61ce7f533240_0_4, LS_0x61ce7f533240_0_8, LS_0x61ce7f533240_0_12;
LS_0x61ce7f533240_1_4 .concat [ 4 4 4 4], LS_0x61ce7f533240_0_16, LS_0x61ce7f533240_0_20, LS_0x61ce7f533240_0_24, LS_0x61ce7f533240_0_28;
L_0x61ce7f533240 .concat [ 16 16 0 0], LS_0x61ce7f533240_1_0, LS_0x61ce7f533240_1_4;
    .scope S_0x61ce7f4d8f20;
T_0 ;
    %wait E_0x61ce7f5191d0;
    %load/vec4 v0x61ce7f5328b0_0;
    %pad/u 32;
    %cmpi/e 1, 0, 32;
    %jmp/0xz  T_0.0, 4;
    %pushi/vec4 0, 0, 1;
    %assign/vec4 v0x61ce7f532a30_0, 0;
    %jmp T_0.1;
T_0.0 ;
    %load/vec4 v0x61ce7f532970_0;
    %flag_set/vec4 8;
    %jmp/0xz  T_0.2, 8;
    %load/vec4 v0x61ce7f532590_0;
    %assign/vec4 v0x61ce7f532a30_0, 0;
T_0.2 ;
T_0.1 ;
    %jmp T_0;
    .thread T_0;
    .scope S_0x61ce7f4d8f20;
T_1 ;
    %wait E_0x61ce7f5191d0;
    %load/vec4 v0x61ce7f532250_0;
    %flag_set/vec4 8;
    %jmp/0xz  T_1.0, 8;
    %load/vec4 v0x61ce7f5323f0_0;
    %assign/vec4 v0x61ce7f532310_0, 0;
T_1.0 ;
    %jmp T_1;
    .thread T_1;
# The file index is used to find the file name in the following table.
:file_names 3;
    "N/A";
    "<interactive>";
    "id_ex.sv";
